<?xml version="1.0" encoding="UTF-8"?>
<!-- Generated by org.testng.reporters.JUnitReportReporter -->
<testsuite hostname="LTILBOM20102124" failures="1" tests="25" name="com.wk.ilean.testscripts.SubjectGuidesPageTest" time="372.916" errors="0" timestamp="2023-09-26T14:25:31 IST" skipped="0">
  <testcase classname="com.wk.ilean.testscripts.SubjectGuidesPageTest" name="searchTest" time="14.084"/>
  <system-out/>
  <testcase classname="com.wk.ilean.testscripts.SubjectGuidesPageTest" name="filterTest" time="14.479">
    <failure message="Unable to filter subject guides expected [true] but found [false]" type="java.lang.AssertionError">
      <![CDATA[java.lang.AssertionError: Unable to filter subject guides expected [true] but found [false]
at org.testng.Assert.fail(Assert.java:99)
at org.testng.Assert.failNotEquals(Assert.java:1037)
at org.testng.Assert.assertTrue(Assert.java:45)
at com.wk.ilean.testscripts.SubjectGuidesPageTest.filterTest(SubjectGuidesPageTest.java:61)
at java.base/jdk.internal.reflect.DirectMethodHandleAccessor.invoke(DirectMethodHandleAccessor.java:104)
at java.base/java.lang.reflect.Method.invoke(Method.java:578)
at org.testng.internal.MethodInvocationHelper.invokeMethod(MethodInvocationHelper.java:133)
at org.testng.internal.TestInvoker.invokeMethod(TestInvoker.java:598)
at org.testng.internal.TestInvoker.invokeTestMethod(TestInvoker.java:173)
at org.testng.internal.MethodRunner.runInSequence(MethodRunner.java:46)
at org.testng.internal.TestInvoker$MethodInvocationAgent.invoke(TestInvoker.java:824)
at org.testng.internal.TestInvoker.invokeTestMethods(TestInvoker.java:146)
at org.testng.internal.TestMethodWorker.invokeTestMethods(TestMethodWorker.java:146)
at org.testng.internal.TestMethodWorker.run(TestMethodWorker.java:128)
at java.base/java.util.ArrayList.forEach(ArrayList.java:1511)
at org.testng.TestRunner.privateRun(TestRunner.java:794)
at org.testng.TestRunner.run(TestRunner.java:596)
at org.testng.SuiteRunner.runTest(SuiteRunner.java:377)
at org.testng.SuiteRunner.runSequentially(SuiteRunner.java:371)
at org.testng.SuiteRunner.privateRun(SuiteRunner.java:332)
at org.testng.SuiteRunner.run(SuiteRunner.java:276)
at org.testng.SuiteRunnerWorker.runSuite(SuiteRunnerWorker.java:53)
at org.testng.SuiteRunnerWorker.run(SuiteRunnerWorker.java:96)
at org.testng.TestNG.runSuitesSequentially(TestNG.java:1212)
at org.testng.TestNG.runSuitesLocally(TestNG.java:1134)
at org.testng.TestNG.runSuites(TestNG.java:1063)
at org.testng.TestNG.run(TestNG.java:1031)
at org.testng.remote.AbstractRemoteTestNG.run(AbstractRemoteTestNG.java:115)
at org.testng.remote.RemoteTestNG.initAndRun(RemoteTestNG.java:251)
at org.testng.remote.RemoteTestNG.main(RemoteTestNG.java:77)
]]>
    </failure>
  </testcase> <!-- filterTest -->
  <system-out/>
  <testcase classname="com.wk.ilean.testscripts.SubjectGuidesPageTest" name="viewSubjectTest" time="14.125"/>
  <system-out/>
  <testcase classname="com.wk.ilean.testscripts.SubjectGuidesPageTest" name="viewSubjectGuideTagsTest" time="12.628"/>
  <system-out/>
  <testcase classname="com.wk.ilean.testscripts.SubjectGuidesPageTest" name="viewSubjectGuideSummaryTest" time="12.345"/>
  <system-out/>
  <testcase classname="com.wk.ilean.testscripts.SubjectGuidesPageTest" name="expandSubjectGuideTest" time="12.012"/>
  <system-out/>
  <testcase classname="com.wk.ilean.testscripts.SubjectGuidesPageTest" name="switchExpandedSectionsTest" time="12.956"/>
  <system-out/>
  <testcase classname="com.wk.ilean.testscripts.SubjectGuidesPageTest" name="expandAllSectionsTest" time="11.504"/>
  <system-out/>
  <testcase classname="com.wk.ilean.testscripts.SubjectGuidesPageTest" name="refreshAllTest" time="14.275"/>
  <system-out/>
  <testcase classname="com.wk.ilean.testscripts.SubjectGuidesPageTest" name="enterSubjectSummaryTest" time="15.965"/>
  <system-out/>
  <testcase classname="com.wk.ilean.testscripts.SubjectGuidesPageTest" name="addDefaultSectionTest" time="14.408"/>
  <system-out/>
  <testcase classname="com.wk.ilean.testscripts.SubjectGuidesPageTest" name="addCustomSectionTest" time="14.685"/>
  <system-out/>
  <testcase classname="com.wk.ilean.testscripts.SubjectGuidesPageTest" name="rearrangeSectionsTest" time="14.763"/>
  <system-out/>
  <testcase classname="com.wk.ilean.testscripts.SubjectGuidesPageTest" name="addSubjectTest" time="21.221"/>
  <system-out/>
  <testcase classname="com.wk.ilean.testscripts.SubjectGuidesPageTest" name="addScopeTest" time="15.720"/>
  <system-out/>
  <testcase classname="com.wk.ilean.testscripts.SubjectGuidesPageTest" name="addSubjectAddScopeCommentsTest" time="15.693"/>
  <system-out/>
  <testcase classname="com.wk.ilean.testscripts.SubjectGuidesPageTest" name="subjectPageAddScopeCommentsTest" time="15.413"/>
  <system-out/>
  <testcase classname="com.wk.ilean.testscripts.SubjectGuidesPageTest" name="deleteScopeTest" time="16.769"/>
  <system-out/>
  <testcase classname="com.wk.ilean.testscripts.SubjectGuidesPageTest" name="deleteSectionTest" time="14.738"/>
  <system-out/>
  <testcase classname="com.wk.ilean.testscripts.SubjectGuidesPageTest" name="saveAsDraftTest" time="17.686"/>
  <system-out/>
  <testcase classname="com.wk.ilean.testscripts.SubjectGuidesPageTest" name="readyForPublishTest" time="18.511"/>
  <system-out/>
  <testcase classname="com.wk.ilean.testscripts.SubjectGuidesPageTest" name="selectSubjectGuideTest" time="14.067"/>
  <system-out/>
  <testcase classname="com.wk.ilean.testscripts.SubjectGuidesPageTest" name="exportSubjectGuideTest" time="14.375"/>
  <system-out/>
  <testcase classname="com.wk.ilean.testscripts.SubjectGuidesPageTest" name="deleteSubjectGuideTest" time="16.463"/>
  <system-out/>
  <testcase classname="com.wk.ilean.testscripts.SubjectGuidesPageTest" name="viewChangeHistoryTest" time="14.031"/>
  <system-out/>
</testsuite> <!-- com.wk.ilean.testscripts.SubjectGuidesPageTest -->
