<?xml version="1.0" encoding="UTF-8"?>
<!-- Generated by org.testng.reporters.JUnitReportReporter -->
<testsuite skipped="0" hostname="EC2AMAZ-JJFRQAM" name="com.wk.ilean.testscripts.DemoTest" tests="1" failures="0" timestamp="2023-05-10T16:38:55 IST" time="3.361" errors="1">
  <testcase name="login" time="3.361" classname="com.wk.ilean.testscripts.DemoTest">
    <error type="org.openqa.selenium.SessionNotCreatedException" message="session not created: This version of ChromeDriver only supports Chrome version 107
Current browser version is 113.0.5672.93 with binary path C:\Program Files (x86)\Google\Chrome\Application\chrome.exe
Build info: version: &#039;3.4.0&#039;, revision: &#039;unknown&#039;, time: &#039;unknown&#039;
System info: host: &#039;EC2AMAZ-JJFRQAM&#039;, ip: &#039;10.235.217.153&#039;, os.name: &#039;Windows Server 2016&#039;, os.arch: &#039;amd64&#039;, os.version: &#039;10.0&#039;, java.version: &#039;1.8.0_241&#039;
Driver info: driver.version: ChromeDriver
remote stacktrace: Backtrace:
	Ordinal0 [0x00D1ACD3+2075859]
	Ordinal0 [0x00CAEE61+1633889]
	Ordinal0 [0x00BAB7BD+571325]
	Ordinal0 [0x00BCDFCD+712653]
	Ordinal0 [0x00BC9266+692838]
	Ordinal0 [0x00BC6BE9+682985]
	Ordinal0 [0x00BFDBD3+908243]
	Ordinal0 [0x00BFD6AA+906922]
	Ordinal0 [0x00BF7136+880950]
	Ordinal0 [0x00BCFEFD+720637]
	Ordinal0 [0x00BD0F3F+724799]
	GetHandleVerifier [0x00FCEED2+2769538]
	GetHandleVerifier [0x00FC0D95+2711877]
	GetHandleVerifier [0x00DAA03A+521194]
	GetHandleVerifier [0x00DA8DA0+516432]
	Ordinal0 [0x00CB682C+1665068]
	Ordinal0 [0x00CBB128+1683752]
	Ordinal0 [0x00CBB215+1683989]
	Ordinal0 [0x00CC6484+1729668]
	BaseThreadInitThunk [0x739E62C4+36]
	RtlSubscribeWnfStateChangeNotification [0x76F61B69+1081]
	RtlSubscribeWnfStateChangeNotification [0x76F61B34+1028]
">
      <![CDATA[org.openqa.selenium.SessionNotCreatedException: session not created: This version of ChromeDriver only supports Chrome version 107
Current browser version is 113.0.5672.93 with binary path C:\Program Files (x86)\Google\Chrome\Application\chrome.exe
Build info: version: '3.4.0', revision: 'unknown', time: 'unknown'
System info: host: 'EC2AMAZ-JJFRQAM', ip: '10.235.217.153', os.name: 'Windows Server 2016', os.arch: 'amd64', os.version: '10.0', java.version: '1.8.0_241'
Driver info: driver.version: ChromeDriver
remote stacktrace: Backtrace:
Ordinal0 [0x00D1ACD3+2075859]
Ordinal0 [0x00CAEE61+1633889]
Ordinal0 [0x00BAB7BD+571325]
Ordinal0 [0x00BCDFCD+712653]
Ordinal0 [0x00BC9266+692838]
Ordinal0 [0x00BC6BE9+682985]
Ordinal0 [0x00BFDBD3+908243]
Ordinal0 [0x00BFD6AA+906922]
Ordinal0 [0x00BF7136+880950]
Ordinal0 [0x00BCFEFD+720637]
Ordinal0 [0x00BD0F3F+724799]
GetHandleVerifier [0x00FCEED2+2769538]
GetHandleVerifier [0x00FC0D95+2711877]
GetHandleVerifier [0x00DAA03A+521194]
GetHandleVerifier [0x00DA8DA0+516432]
Ordinal0 [0x00CB682C+1665068]
Ordinal0 [0x00CBB128+1683752]
Ordinal0 [0x00CBB215+1683989]
Ordinal0 [0x00CC6484+1729668]
BaseThreadInitThunk [0x739E62C4+36]
RtlSubscribeWnfStateChangeNotification [0x76F61B69+1081]
RtlSubscribeWnfStateChangeNotification [0x76F61B34+1028]

at sun.reflect.NativeConstructorAccessorImpl.newInstance0(Native Method)
at sun.reflect.NativeConstructorAccessorImpl.newInstance(NativeConstructorAccessorImpl.java:62)
at sun.reflect.DelegatingConstructorAccessorImpl.newInstance(DelegatingConstructorAccessorImpl.java:45)
at java.lang.reflect.Constructor.newInstance(Constructor.java:423)
at org.openqa.selenium.remote.W3CHandshakeResponse.lambda$new$0(W3CHandshakeResponse.java:57)
at org.openqa.selenium.remote.W3CHandshakeResponse.lambda$getResponseFunction$2(W3CHandshakeResponse.java:104)
at org.openqa.selenium.remote.ProtocolHandshake.lambda$createSession$22(ProtocolHandshake.java:365)
at java.util.stream.ReferencePipeline$3$1.accept(ReferencePipeline.java:193)
at java.util.Spliterators$ArraySpliterator.tryAdvance(Spliterators.java:958)
at java.util.stream.ReferencePipeline.forEachWithCancel(ReferencePipeline.java:126)
at java.util.stream.AbstractPipeline.copyIntoWithCancel(AbstractPipeline.java:499)
at java.util.stream.AbstractPipeline.copyInto(AbstractPipeline.java:486)
at java.util.stream.AbstractPipeline.wrapAndCopyInto(AbstractPipeline.java:472)
at java.util.stream.FindOps$FindOp.evaluateSequential(FindOps.java:152)
at java.util.stream.AbstractPipeline.evaluate(AbstractPipeline.java:234)
at java.util.stream.ReferencePipeline.findFirst(ReferencePipeline.java:464)
at org.openqa.selenium.remote.ProtocolHandshake.createSession(ProtocolHandshake.java:368)
at org.openqa.selenium.remote.ProtocolHandshake.createSession(ProtocolHandshake.java:159)
at org.openqa.selenium.remote.HttpCommandExecutor.execute(HttpCommandExecutor.java:142)
at org.openqa.selenium.remote.service.DriverCommandExecutor.execute(DriverCommandExecutor.java:82)
at org.openqa.selenium.remote.RemoteWebDriver.execute(RemoteWebDriver.java:637)
at org.openqa.selenium.remote.RemoteWebDriver.startSession(RemoteWebDriver.java:250)
at org.openqa.selenium.remote.RemoteWebDriver.startSession(RemoteWebDriver.java:236)
at org.openqa.selenium.remote.RemoteWebDriver.<init>(RemoteWebDriver.java:137)
at org.openqa.selenium.chrome.ChromeDriver.<init>(ChromeDriver.java:184)
at org.openqa.selenium.chrome.ChromeDriver.<init>(ChromeDriver.java:171)
at org.openqa.selenium.chrome.ChromeDriver.<init>(ChromeDriver.java:124)
at com.wk.ilean.testscripts.DemoTest.login(DemoTest.java:20)
at sun.reflect.NativeMethodAccessorImpl.invoke0(Native Method)
at sun.reflect.NativeMethodAccessorImpl.invoke(NativeMethodAccessorImpl.java:62)
at sun.reflect.DelegatingMethodAccessorImpl.invoke(DelegatingMethodAccessorImpl.java:43)
at java.lang.reflect.Method.invoke(Method.java:498)
at org.testng.internal.MethodInvocationHelper.invokeMethod(MethodInvocationHelper.java:133)
at org.testng.internal.TestInvoker.invokeMethod(TestInvoker.java:598)
at org.testng.internal.TestInvoker.invokeTestMethod(TestInvoker.java:173)
at org.testng.internal.MethodRunner.runInSequence(MethodRunner.java:46)
at org.testng.internal.TestInvoker$MethodInvocationAgent.invoke(TestInvoker.java:824)
at org.testng.internal.TestInvoker.invokeTestMethods(TestInvoker.java:146)
at org.testng.internal.TestMethodWorker.invokeTestMethods(TestMethodWorker.java:146)
at org.testng.internal.TestMethodWorker.run(TestMethodWorker.java:128)
at java.util.ArrayList.forEach(ArrayList.java:1257)
at org.testng.TestRunner.privateRun(TestRunner.java:794)
at org.testng.TestRunner.run(TestRunner.java:596)
at org.testng.SuiteRunner.runTest(SuiteRunner.java:377)
at org.testng.SuiteRunner.runSequentially(SuiteRunner.java:371)
at org.testng.SuiteRunner.privateRun(SuiteRunner.java:332)
at org.testng.SuiteRunner.run(SuiteRunner.java:276)
at org.testng.SuiteRunnerWorker.runSuite(SuiteRunnerWorker.java:53)
at org.testng.SuiteRunnerWorker.run(SuiteRunnerWorker.java:96)
at org.testng.TestNG.runSuitesSequentially(TestNG.java:1212)
at org.testng.TestNG.runSuitesLocally(TestNG.java:1134)
at org.testng.TestNG.runSuites(TestNG.java:1063)
at org.testng.TestNG.run(TestNG.java:1031)
at org.testng.remote.AbstractRemoteTestNG.run(AbstractRemoteTestNG.java:115)
at org.testng.remote.RemoteTestNG.initAndRun(RemoteTestNG.java:251)
at org.testng.remote.RemoteTestNG.main(RemoteTestNG.java:77)
]]>
    </error>
  </testcase> <!-- login -->
  <system-out/>
</testsuite> <!-- com.wk.ilean.testscripts.DemoTest -->
