<?xml version="1.0" encoding="UTF-8"?>
<!-- Generated by org.testng.reporters.JUnitXMLReporter -->
<testsuite hostname="EC2AMAZ-JJFRQAM" ignored="0" name="Proviso Demo Test" tests="1" failures="1" timestamp="2023-05-10T16:38:03 IST" time="5.504" errors="0">
  <testcase name="login" time="5.436" classname="com.wk.ilean.testscripts.DemoTest">
    <failure type="org.openqa.selenium.SessionNotCreatedException" message="session not created: This version of ChromeDriver only supports Chrome version 107
Current browser version is 113.0.5672.93 with binary path C:\Program Files (x86)\Google\Chrome\Application\chrome.exe
Build info: version: &amp;apos;3.4.0&amp;apos;, revision: &amp;apos;unknown&amp;apos;, time: &amp;apos;unknown&amp;apos;
System info: host: &amp;apos;EC2AMAZ-JJFRQAM&amp;apos;, ip: &amp;apos;10.235.217.153&amp;apos;, os.name: &amp;apos;Windows Server 2016&amp;apos;, os.arch: &amp;apos;amd64&amp;apos;, os.version: &amp;apos;10.0&amp;apos;, java.version: &amp;apos;1.8.0_241&amp;apos;
Driver info: driver.version: ChromeDriver
remote stacktrace: Backtrace:
	Ordinal0 [0x00D1ACD3+2075859]
	Ordinal0 [0x00CAEE61+1633889]
	Ordinal0 [0x00BAB7BD+571325]
	Ordinal0 [0x00BCDFCD+712653]
	Ordinal0 [0x00BC9266+692838]
	Ordinal0 [0x00BC6BE9+682985]
	Ordinal0 [0x00BFDBD3+908243]
	Ordinal0 [0x00BFD6AA+906922]
	Ordinal0 [0x00BF7136+880950]
	Ordinal0 [0x00BCFEFD+720637]
	Ordinal0 [0x00BD0F3F+724799]
	GetHandleVerifier [0x00FCEED2+2769538]
	GetHandleVerifier [0x00FC0D95+2711877]
	GetHandleVerifier [0x00DAA03A+521194]
	GetHandleVerifier [0x00DA8DA0+516432]
	Ordinal0 [0x00CB682C+1665068]
	Ordinal0 [0x00CBB128+1683752]
	Ordinal0 [0x00CBB215+1683989]
	Ordinal0 [0x00CC6484+1729668]
	BaseThreadInitThunk [0x739E62C4+36]
	RtlSubscribeWnfStateChangeNotification [0x76F61B69+1081]
	RtlSubscribeWnfStateChangeNotification [0x76F61B34+1028]
">
      <![CDATA[org.openqa.selenium.SessionNotCreatedException: session not created: This version of ChromeDriver only supports Chrome version 107
Current browser version is 113.0.5672.93 with binary path C:\Program Files (x86)\Google\Chrome\Application\chrome.exe
Build info: version: '3.4.0', revision: 'unknown', time: 'unknown'
System info: host: 'EC2AMAZ-JJFRQAM', ip: '10.235.217.153', os.name: 'Windows Server 2016', os.arch: 'amd64', os.version: '10.0', java.version: '1.8.0_241'
Driver info: driver.version: ChromeDriver
remote stacktrace: Backtrace:
Ordinal0 [0x00D1ACD3+2075859]
Ordinal0 [0x00CAEE61+1633889]
Ordinal0 [0x00BAB7BD+571325]
Ordinal0 [0x00BCDFCD+712653]
Ordinal0 [0x00BC9266+692838]
Ordinal0 [0x00BC6BE9+682985]
Ordinal0 [0x00BFDBD3+908243]
Ordinal0 [0x00BFD6AA+906922]
Ordinal0 [0x00BF7136+880950]
Ordinal0 [0x00BCFEFD+720637]
Ordinal0 [0x00BD0F3F+724799]
GetHandleVerifier [0x00FCEED2+2769538]
GetHandleVerifier [0x00FC0D95+2711877]
GetHandleVerifier [0x00DAA03A+521194]
GetHandleVerifier [0x00DA8DA0+516432]
Ordinal0 [0x00CB682C+1665068]
Ordinal0 [0x00CBB128+1683752]
Ordinal0 [0x00CBB215+1683989]
Ordinal0 [0x00CC6484+1729668]
BaseThreadInitThunk [0x739E62C4+36]
RtlSubscribeWnfStateChangeNotification [0x76F61B69+1081]
RtlSubscribeWnfStateChangeNotification [0x76F61B34+1028]

at org.openqa.selenium.remote.W3CHandshakeResponse.lambda$new$0(W3CHandshakeResponse.java:57)
at org.openqa.selenium.remote.W3CHandshakeResponse.lambda$getResponseFunction$2(W3CHandshakeResponse.java:104)
at org.openqa.selenium.remote.ProtocolHandshake.lambda$createSession$22(ProtocolHandshake.java:365)
at java.util.stream.ReferencePipeline$3$1.accept(ReferencePipeline.java:193)
at java.util.Spliterators$ArraySpliterator.tryAdvance(Spliterators.java:958)
at java.util.stream.ReferencePipeline.forEachWithCancel(ReferencePipeline.java:126)
at java.util.stream.AbstractPipeline.copyIntoWithCancel(AbstractPipeline.java:499)
at java.util.stream.AbstractPipeline.copyInto(AbstractPipeline.java:486)
at java.util.stream.AbstractPipeline.wrapAndCopyInto(AbstractPipeline.java:472)
at java.util.stream.FindOps$FindOp.evaluateSequential(FindOps.java:152)
at java.util.stream.AbstractPipeline.evaluate(AbstractPipeline.java:234)
at java.util.stream.ReferencePipeline.findFirst(ReferencePipeline.java:464)
at org.openqa.selenium.remote.ProtocolHandshake.createSession(ProtocolHandshake.java:368)
at org.openqa.selenium.remote.ProtocolHandshake.createSession(ProtocolHandshake.java:159)
at org.openqa.selenium.remote.HttpCommandExecutor.execute(HttpCommandExecutor.java:142)
at org.openqa.selenium.remote.service.DriverCommandExecutor.execute(DriverCommandExecutor.java:82)
at org.openqa.selenium.remote.RemoteWebDriver.execute(RemoteWebDriver.java:637)
at org.openqa.selenium.remote.RemoteWebDriver.startSession(RemoteWebDriver.java:250)
at org.openqa.selenium.remote.RemoteWebDriver.startSession(RemoteWebDriver.java:236)
at org.openqa.selenium.remote.RemoteWebDriver.<init>(RemoteWebDriver.java:137)
at org.openqa.selenium.chrome.ChromeDriver.<init>(ChromeDriver.java:184)
at org.openqa.selenium.chrome.ChromeDriver.<init>(ChromeDriver.java:171)
at org.openqa.selenium.chrome.ChromeDriver.<init>(ChromeDriver.java:124)
at com.wk.ilean.testscripts.DemoTest.login(DemoTest.java:20)
at java.util.concurrent.ThreadPoolExecutor.runWorker(ThreadPoolExecutor.java:1149)
at java.util.concurrent.ThreadPoolExecutor$Worker.run(ThreadPoolExecutor.java:624)
at java.lang.Thread.run(Thread.java:748)
... Removed 16 stack frames]]>
    </failure>
  </testcase> <!-- login -->
</testsuite> <!-- Proviso Demo Test -->
