<?xml version="1.0" encoding="UTF-8"?><errorLogs><Message>Clicked on search button</Message><ExceptionLogs>org.openqa.selenium.WebDriverException: element click intercepted: Element &lt;button _ngcontent-enu-c17="" class="btn-custom"&gt;...&lt;/button&gt; is not clickable at point (1139, 433). Other element would receive the click: &lt;div _ngcontent-enu-c2="" class="wk-footer-copyright"&gt;...&lt;/div&gt;
  (Session info: chrome=113.0.5672.93)
Build info: version: '3.4.0', revision: 'unknown', time: 'unknown'
System info: host: 'EC2AMAZ-JJFRQAM', ip: '10.235.217.153', os.name: 'Windows Server 2016', os.arch: 'amd64', os.version: '10.0', java.version: '1.8.0_241'
Driver info: org.openqa.selenium.chrome.ChromeDriver
Capabilities [{networkConnectionEnabled=false, chrome={chromedriverVersion=112.0.5615.49 (bd2a7bcb881c11e8cfe3078709382934e3916914-refs/branch-heads/5615@{#936}), userDataDir=C:\Program Files (x86)\scoped_dir8860_1745026554}, timeouts={implicit=0.0, pageLoad=300000.0, script=30000.0}, pageLoadStrategy=normal, unhandledPromptBehavior=dismiss and notify, strictFileInteractability=false, platform=ANY, proxy=Proxy(), webauthn:extension:minPinLength=true, goog:chromeOptions={debuggerAddress=localhost:54957}, webauthn:extension:credBlob=true, webauthn:extension:prf=true, acceptInsecureCerts=false, browserVersion=113.0.5672.93, browserName=chrome, javascriptEnabled=true, platformName=windows, setWindowRect=true, webauthn:extension:largeBlob=true, webauthn:virtualAuthenticators=true}]
Session ID: eb46798daafd9bccb5b9b05e6de64402sun.reflect.NativeConstructorAccessorImpl.newInstance0(Native Method)
sun.reflect.NativeConstructorAccessorImpl.newInstance(NativeConstructorAccessorImpl.java:62)
sun.reflect.DelegatingConstructorAccessorImpl.newInstance(DelegatingConstructorAccessorImpl.java:45)
java.lang.reflect.Constructor.newInstance(Constructor.java:423)
org.openqa.selenium.remote.http.W3CHttpResponseCodec.createException(W3CHttpResponseCodec.java:150)
org.openqa.selenium.remote.http.W3CHttpResponseCodec.decode(W3CHttpResponseCodec.java:115)
org.openqa.selenium.remote.http.W3CHttpResponseCodec.decode(W3CHttpResponseCodec.java:45)
org.openqa.selenium.remote.HttpCommandExecutor.execute(HttpCommandExecutor.java:164)
org.openqa.selenium.remote.service.DriverCommandExecutor.execute(DriverCommandExecutor.java:82)
org.openqa.selenium.remote.RemoteWebDriver.execute(RemoteWebDriver.java:637)
org.openqa.selenium.remote.RemoteWebElement.execute(RemoteWebElement.java:272)
org.openqa.selenium.remote.RemoteWebElement.click(RemoteWebElement.java:82)
com.wk.provisoframework.controlsLibrary.webControls.WebControls.click(WebControls.java:229)
com.wk.ilean.pages.GlobalSearchPage.globalSearchResultbyTopic(GlobalSearchPage.java:193)
com.wk.ilean.testscripts.Cluster.ClusterFlow(Cluster.java:54)
sun.reflect.NativeMethodAccessorImpl.invoke0(Native Method)
sun.reflect.NativeMethodAccessorImpl.invoke(NativeMethodAccessorImpl.java:62)
sun.reflect.DelegatingMethodAccessorImpl.invoke(DelegatingMethodAccessorImpl.java:43)
java.lang.reflect.Method.invoke(Method.java:498)
org.testng.internal.MethodInvocationHelper.invokeMethod(MethodInvocationHelper.java:133)
org.testng.internal.TestInvoker.invokeMethod(TestInvoker.java:598)
org.testng.internal.TestInvoker.invokeTestMethod(TestInvoker.java:173)
org.testng.internal.MethodRunner.runInSequence(MethodRunner.java:46)
org.testng.internal.TestInvoker$MethodInvocationAgent.invoke(TestInvoker.java:824)
org.testng.internal.TestInvoker.invokeTestMethods(TestInvoker.java:146)
org.testng.internal.TestMethodWorker.invokeTestMethods(TestMethodWorker.java:146)
org.testng.internal.TestMethodWorker.run(TestMethodWorker.java:128)
java.util.concurrent.ThreadPoolExecutor.runWorker(ThreadPoolExecutor.java:1149)
java.util.concurrent.ThreadPoolExecutor$Worker.run(ThreadPoolExecutor.java:624)
java.lang.Thread.run(Thread.java:748)
</ExceptionLogs></errorLogs>